::1 - - [19/Mar/2024:20:05:08 -0300] "GET /phpmyadmin HTTP/1.1" 301 241
::1 - - [19/Mar/2024:20:05:08 -0300] "GET /phpmyadmin/ HTTP/1.1" 200 8548
::1 - - [19/Mar/2024:20:05:09 -0300] "GET /phpmyadmin/themes/pmahomme/jquery/jquery-ui-1.9.2.custom.css HTTP/1.1" 200 32278
::1 - - [19/Mar/2024:20:05:09 -0300] "GET /phpmyadmin/themes/dot.gif HTTP/1.1" 200 43
::1 - - [19/Mar/2024:20:05:09 -0300] "GET /phpmyadmin/themes/pmahomme/img/logo_right.png HTTP/1.1" 200 4548
::1 - - [19/Mar/2024:20:05:09 -0300] "GET /phpmyadmin/js/get_scripts.js.php?scripts[]=jquery/jquery-1.8.3.js&scripts[]=ajax.js&scripts[]=keyhandler.js&scripts[]=jquery/jquery-ui-1.9.2.custom.js&scripts[]=jquery/jquery.sprintf.js&scripts[]=jquery/jquery.cookie.js&scripts[]=jquery/jquery.mousewheel.js&scripts[]=jquery/jquery.event.drag-2.2.js&scripts[]=jquery/jquery-ui-timepicker-addon.js&scripts[]=jquery/jquery.ba-hashchange-1.3.js&scripts[]=jquery/jquery.debounce-1.0.5.js&scripts[]=jquery/jquery.menuResizer-1.0.js&scripts[]=rte.js&scripts[]=functions.js&scripts[]=navigation.js&scripts[]=indexes.js&scripts[]=common.js&scripts[]=codemirror/lib/codemirror.js&scripts[]=codemirror/mode/mysql/mysql.js HTTP/1.1" 200 578562
::1 - - [19/Mar/2024:20:05:09 -0300] "GET /phpmyadmin/phpmyadmin.css.php?server=1&lang=pt&collation_connection=utf8_general_ci&token=28eb1be083a0ac79abee7da7071e4447&nocache=5045310152ltr HTTP/1.1" 200 88608
::1 - - [19/Mar/2024:20:05:09 -0300] "GET /phpmyadmin/js/messages.php?lang=pt&db=&server=0&collation_connection=utf8_general_ci&token=416a20ea7f6977f3cbf742d15f192dc7 HTTP/1.1" 200 18103
::1 - - [19/Mar/2024:20:05:09 -0300] "GET /phpmyadmin/js/get_image.js.php?theme=pmahomme HTTP/1.1" 200 6263
::1 - - [19/Mar/2024:20:05:09 -0300] "GET /phpmyadmin/themes/pmahomme/img/sprites.png HTTP/1.1" 200 61899
::1 - - [19/Mar/2024:20:05:09 -0300] "GET /phpmyadmin/favicon.ico HTTP/1.1" 200 18902
::1 - - [19/Mar/2024:20:05:15 -0300] "POST /phpmyadmin/index.php HTTP/1.1" 302 -
::1 - - [19/Mar/2024:20:05:15 -0300] "GET /phpmyadmin/index.php?token=28eb1be083a0ac79abee7da7071e4447 HTTP/1.1" 200 46695
::1 - - [19/Mar/2024:20:05:15 -0300] "GET /phpmyadmin/themes/pmahomme/img/logo_left.png HTTP/1.1" 200 2327
::1 - - [19/Mar/2024:20:05:15 -0300] "GET /phpmyadmin/phpmyadmin.css.php?server=1&token=28eb1be083a0ac79abee7da7071e4447&nocache=6756199667ltr HTTP/1.1" 200 88608
::1 - - [19/Mar/2024:20:05:15 -0300] "GET /phpmyadmin/themes/pmahomme/img/ajax_clock_small.gif HTTP/1.1" 200 1810
::1 - - [19/Mar/2024:20:05:15 -0300] "GET /phpmyadmin/js/messages.php?lang=pt&db=&server=0&token=28eb1be083a0ac79abee7da7071e4447 HTTP/1.1" 200 18103
::1 - - [19/Mar/2024:20:05:15 -0300] "GET /phpmyadmin/themes/pmahomme/img/left_nav_bg.png HTTP/1.1" 200 297
::1 - - [19/Mar/2024:20:05:15 -0300] "GET /phpmyadmin/version_check.php?&_nocache=1710889515974809718 HTTP/1.1" 200 39
::1 - - [19/Mar/2024:20:05:19 -0300] "GET /phpmyadmin/navigation.php?ajax_request=1&token=28eb1be083a0ac79abee7da7071e4447&aPath=cm9vdA%3D%3D.YWdlbmRhbWVudG8%3D&vPath=cm9vdA%3D%3D.YWdlbmRhbWVudG8%3D&pos=0&pos2_name=&pos2_value=&searchClause=&searchClause2=&_nocache=1710889519916173411 HTTP/1.1" 200 1401
::1 - - [19/Mar/2024:20:05:21 -0300] "GET /phpmyadmin/sql.php?server=1&db=agendamento&table=tb_agendamento&pos=0&token=28eb1be083a0ac79abee7da7071e4447&ajax_request=true&ajax_page_request=true&menuHashes=ab0867db&_nocache=1710889521112515275 HTTP/1.1" 200 35203
::1 - - [19/Mar/2024:20:05:21 -0300] "GET /phpmyadmin/js/get_scripts.js.php?scripts[]=tbl_change.js&scripts[]=tbl_structure.js&scripts[]=gis_data_editor.js&scripts[]=makegrid.js&scripts[]=sql.js HTTP/1.1" 200 57302
::1 - - [19/Mar/2024:20:05:21 -0300] "GET /phpmyadmin/themes/pmahomme/img/s_fulltext.png HTTP/1.1" 200 193
::1 - - [19/Mar/2024:20:05:21 -0300] "GET /phpmyadmin/themes/pmahomme/img/arrow_ltr.png HTTP/1.1" 200 139
::1 - - [19/Mar/2024:20:05:21 -0300] "GET /phpmyadmin/themes/pmahomme/img/col_pointer.png HTTP/1.1" 200 113
::1 - - [19/Mar/2024:20:05:21 -0300] "GET /phpmyadmin/themes/pmahomme/img/col_drop.png HTTP/1.1" 200 132
::1 - - [19/Mar/2024:20:05:21 -0300] "GET /phpmyadmin/index.php?ajax_request=1&recent_table=1&token=28eb1be083a0ac79abee7da7071e4447 HTTP/1.1" 200 237
::1 - - [19/Mar/2024:20:05:49 -0300] "GET / HTTP/1.1" 200 211
::1 - - [19/Mar/2024:20:05:49 -0300] "GET /favicon.ico HTTP/1.1" 404 209
::1 - - [19/Mar/2024:20:05:50 -0300] "GET /HeartStudio/ HTTP/1.1" 200 9381
::1 - - [19/Mar/2024:20:05:50 -0300] "GET /HeartStudio/assets/css/styles.css HTTP/1.1" 200 10284
::1 - - [19/Mar/2024:20:05:50 -0300] "GET /HeartStudio/assets/img/11.png HTTP/1.1" 200 29775
::1 - - [19/Mar/2024:20:05:50 -0300] "GET /HeartStudio/assets/img/about.jpg HTTP/1.1" 200 39187
::1 - - [19/Mar/2024:20:05:50 -0300] "GET /HeartStudio/assets/img/port1.jpg HTTP/1.1" 200 53972
::1 - - [19/Mar/2024:20:05:50 -0300] "GET /HeartStudio/assets/img/port5.jpg HTTP/1.1" 200 53954
::1 - - [19/Mar/2024:20:05:50 -0300] "GET /HeartStudio/assets/img/port3.jpg HTTP/1.1" 200 65896
::1 - - [19/Mar/2024:20:05:50 -0300] "GET /HeartStudio/assets/js/main.js HTTP/1.1" 200 4502
::1 - - [19/Mar/2024:20:06:20 -0300] "GET /HeartStudio/indexfunc HTTP/1.1" 404 219
::1 - - [19/Mar/2024:20:06:33 -0300] "GET /HeartStudio/index HTTP/1.1" 404 215
::1 - - [19/Mar/2024:20:06:41 -0300] "POST /HeartStudio/gravar.php HTTP/1.1" 302 147
::1 - - [19/Mar/2024:20:06:41 -0300] "GET /HeartStudio/index2.html HTTP/1.1" 200 9483
::1 - - [19/Mar/2024:20:06:42 -0300] "GET /HeartStudio/index.html HTTP/1.1" 200 9381
::1 - - [19/Mar/2024:20:07:01 -0300] "GET / HTTP/1.1" 200 211
::1 - - [19/Mar/2024:20:07:33 -0300] "GET /HeartStudio/indexfunc.html HTTP/1.1" 200 9567
::1 - - [19/Mar/2024:20:07:37 -0300] "POST /HeartStudio/listagem.php HTTP/1.1" 200 8384
::1 - - [19/Mar/2024:20:07:37 -0300] "GET /HeartStudio/assets/css/style.css HTTP/1.1" 200 1038
::1 - - [19/Mar/2024:20:07:37 -0300] "GET /HeartStudio/assets/img/trashok.png HTTP/1.1" 200 8641
::1 - - [19/Mar/2024:20:07:37 -0300] "GET /HeartStudio/assets/img/pencilok.png HTTP/1.1" 200 7075
