2023-04-14 20:04:14 22464 [Note] Plugin 'FEDERATED' is disabled.
2023-04-14 20:04:14 22464 [Note] InnoDB: The InnoDB memory heap is disabled
2023-04-14 20:04:14 22464 [Note] InnoDB: Mutexes and rw_locks use Windows interlocked functions
2023-04-14 20:04:14 22464 [Note] InnoDB: Compressed tables use zlib 1.2.3
2023-04-14 20:04:14 22464 [Note] InnoDB: Not using CPU crc32 instructions
2023-04-14 20:04:14 22464 [Note] InnoDB: Initializing buffer pool, size = 128.0M
2023-04-14 20:04:14 22464 [Note] InnoDB: Completed initialization of buffer pool
2023-04-14 20:04:14 22464 [Note] InnoDB: Highest supported file format is Barracuda.
2023-04-14 20:04:14 22464 [Note] InnoDB: The log sequence numbers 1626134 and 1626134 in ibdata files do not match the log sequence number 1851105 in the ib_logfiles!
2023-04-14 20:04:14 22464 [Note] InnoDB: Database was not shutdown normally!
2023-04-14 20:04:14 22464 [Note] InnoDB: Starting crash recovery.
2023-04-14 20:04:14 22464 [Note] InnoDB: Reading tablespace information from the .ibd files...
2023-04-14 20:04:14 22464 [Note] InnoDB: Restoring possible half-written data pages 
2023-04-14 20:04:14 22464 [Note] InnoDB: from the doublewrite buffer...
2023-04-14 20:04:14 22464 [ERROR] InnoDB: Table aula1/alunos in the InnoDB data dictionary has tablespace id 10, but tablespace with that id or name does not exist. Have you deleted or moved .ibd files? This may also be a table created with CREATE TEMPORARY TABLE whose .ibd and .frm files MySQL automatically removed, but the table still exists in the InnoDB internal data dictionary.
InnoDB: Please refer to
InnoDB: http://dev.mysql.com/doc/refman/5.6/en/innodb-troubleshooting-datadict.html
InnoDB: for how to resolve the issue.
2023-04-14 20:04:14 22464 [ERROR] InnoDB: Table cliente/fornecedor in the InnoDB data dictionary has tablespace id 8, but tablespace with that id or name does not exist. Have you deleted or moved .ibd files? This may also be a table created with CREATE TEMPORARY TABLE whose .ibd and .frm files MySQL automatically removed, but the table still exists in the InnoDB internal data dictionary.
InnoDB: Please refer to
InnoDB: http://dev.mysql.com/doc/refman/5.6/en/innodb-troubleshooting-datadict.html
InnoDB: for how to resolve the issue.
2023-04-14 20:04:14 22464 [ERROR] InnoDB: Table cliente/funcionario in the InnoDB data dictionary has tablespace id 13, but tablespace with that id or name does not exist. Have you deleted or moved .ibd files? This may also be a table created with CREATE TEMPORARY TABLE whose .ibd and .frm files MySQL automatically removed, but the table still exists in the InnoDB internal data dictionary.
InnoDB: Please refer to
InnoDB: http://dev.mysql.com/doc/refman/5.6/en/innodb-troubleshooting-datadict.html
InnoDB: for how to resolve the issue.
2023-04-14 20:04:14 22464 [ERROR] InnoDB: Table cliente/produto in the InnoDB data dictionary has tablespace id 12, but tablespace with that id or name does not exist. Have you deleted or moved .ibd files? This may also be a table created with CREATE TEMPORARY TABLE whose .ibd and .frm files MySQL automatically removed, but the table still exists in the InnoDB internal data dictionary.
InnoDB: Please refer to
InnoDB: http://dev.mysql.com/doc/refman/5.6/en/innodb-troubleshooting-datadict.html
InnoDB: for how to resolve the issue.
2023-04-14 20:04:14 22464 [ERROR] InnoDB: Table cliente/vendas in the InnoDB data dictionary has tablespace id 11, but tablespace with that id or name does not exist. Have you deleted or moved .ibd files? This may also be a table created with CREATE TEMPORARY TABLE whose .ibd and .frm files MySQL automatically removed, but the table still exists in the InnoDB internal data dictionary.
InnoDB: Please refer to
InnoDB: http://dev.mysql.com/doc/refman/5.6/en/innodb-troubleshooting-datadict.html
InnoDB: for how to resolve the issue.
2023-04-14 20:04:14 22464 [ERROR] InnoDB: Table cliente1/alunos in the InnoDB data dictionary has tablespace id 14, but tablespace with that id or name does not exist. Have you deleted or moved .ibd files? This may also be a table created with CREATE TEMPORARY TABLE whose .ibd and .frm files MySQL automatically removed, but the table still exists in the InnoDB internal data dictionary.
InnoDB: Please refer to
InnoDB: http://dev.mysql.com/doc/refman/5.6/en/innodb-troubleshooting-datadict.html
InnoDB: for how to resolve the issue.
2023-04-14 20:04:14 22464 [ERROR] InnoDB: Table escola/alunos in the InnoDB data dictionary has tablespace id 15, but tablespace with that id or name does not exist. Have you deleted or moved .ibd files? This may also be a table created with CREATE TEMPORARY TABLE whose .ibd and .frm files MySQL automatically removed, but the table still exists in the InnoDB internal data dictionary.
InnoDB: Please refer to
InnoDB: http://dev.mysql.com/doc/refman/5.6/en/innodb-troubleshooting-datadict.html
InnoDB: for how to resolve the issue.
2023-04-14 20:04:14 22464 [ERROR] InnoDB: Table escola/funcionarios in the InnoDB data dictionary has tablespace id 16, but tablespace with that id or name does not exist. Have you deleted or moved .ibd files? This may also be a table created with CREATE TEMPORARY TABLE whose .ibd and .frm files MySQL automatically removed, but the table still exists in the InnoDB internal data dictionary.
InnoDB: Please refer to
InnoDB: http://dev.mysql.com/doc/refman/5.6/en/innodb-troubleshooting-datadict.html
InnoDB: for how to resolve the issue.
2023-04-14 20:04:14 22464 [Note] InnoDB: 128 rollback segment(s) are active.
2023-04-14 20:04:14 22464 [Note] InnoDB: Waiting for purge to start
2023-04-14 20:04:14 22464 [Note] InnoDB: 5.6.13 started; log sequence number 1851105
2023-04-14 20:04:14 22464 [Note] Server hostname (bind-address): '*'; port: 3307
2023-04-14 20:04:14 22464 [Note] IPv6 is available.
2023-04-14 20:04:14 22464 [Note]   - '::' resolves to '::';
2023-04-14 20:04:14 22464 [Note] Server socket created on IP: '::'.
2023-04-14 21:15:06 1040 [Note] Plugin 'FEDERATED' is disabled.
2023-04-14 21:15:06 1040 [Note] InnoDB: The InnoDB memory heap is disabled
2023-04-14 21:15:06 1040 [Note] InnoDB: Mutexes and rw_locks use Windows interlocked functions
2023-04-14 21:15:06 1040 [Note] InnoDB: Compressed tables use zlib 1.2.3
2023-04-14 21:15:06 1040 [Note] InnoDB: Not using CPU crc32 instructions
2023-04-14 21:15:06 1040 [Note] InnoDB: Initializing buffer pool, size = 128.0M
2023-04-14 21:15:06 1040 [Note] InnoDB: Completed initialization of buffer pool
2023-04-14 21:15:06 1040 [Note] InnoDB: Highest supported file format is Barracuda.
2023-04-14 21:15:06 1040 [Note] InnoDB: The log sequence numbers 1626134 and 1626134 in ibdata files do not match the log sequence number 1851115 in the ib_logfiles!
2023-04-14 21:15:06 1040 [Note] InnoDB: Database was not shutdown normally!
2023-04-14 21:15:06 1040 [Note] InnoDB: Starting crash recovery.
2023-04-14 21:15:06 1040 [Note] InnoDB: Reading tablespace information from the .ibd files...
2023-04-14 21:15:06 1040 [Note] InnoDB: Restoring possible half-written data pages 
2023-04-14 21:15:06 1040 [Note] InnoDB: from the doublewrite buffer...
2023-04-14 21:15:06 1040 [ERROR] InnoDB: Table aula1/alunos in the InnoDB data dictionary has tablespace id 10, but tablespace with that id or name does not exist. Have you deleted or moved .ibd files? This may also be a table created with CREATE TEMPORARY TABLE whose .ibd and .frm files MySQL automatically removed, but the table still exists in the InnoDB internal data dictionary.
InnoDB: Please refer to
InnoDB: http://dev.mysql.com/doc/refman/5.6/en/innodb-troubleshooting-datadict.html
InnoDB: for how to resolve the issue.
2023-04-14 21:15:06 1040 [ERROR] InnoDB: Table cliente/fornecedor in the InnoDB data dictionary has tablespace id 8, but tablespace with that id or name does not exist. Have you deleted or moved .ibd files? This may also be a table created with CREATE TEMPORARY TABLE whose .ibd and .frm files MySQL automatically removed, but the table still exists in the InnoDB internal data dictionary.
InnoDB: Please refer to
InnoDB: http://dev.mysql.com/doc/refman/5.6/en/innodb-troubleshooting-datadict.html
InnoDB: for how to resolve the issue.
2023-04-14 21:15:06 1040 [ERROR] InnoDB: Table cliente/funcionario in the InnoDB data dictionary has tablespace id 13, but tablespace with that id or name does not exist. Have you deleted or moved .ibd files? This may also be a table created with CREATE TEMPORARY TABLE whose .ibd and .frm files MySQL automatically removed, but the table still exists in the InnoDB internal data dictionary.
InnoDB: Please refer to
InnoDB: http://dev.mysql.com/doc/refman/5.6/en/innodb-troubleshooting-datadict.html
InnoDB: for how to resolve the issue.
2023-04-14 21:15:06 1040 [ERROR] InnoDB: Table cliente/produto in the InnoDB data dictionary has tablespace id 12, but tablespace with that id or name does not exist. Have you deleted or moved .ibd files? This may also be a table created with CREATE TEMPORARY TABLE whose .ibd and .frm files MySQL automatically removed, but the table still exists in the InnoDB internal data dictionary.
InnoDB: Please refer to
InnoDB: http://dev.mysql.com/doc/refman/5.6/en/innodb-troubleshooting-datadict.html
InnoDB: for how to resolve the issue.
2023-04-14 21:15:06 1040 [ERROR] InnoDB: Table cliente/vendas in the InnoDB data dictionary has tablespace id 11, but tablespace with that id or name does not exist. Have you deleted or moved .ibd files? This may also be a table created with CREATE TEMPORARY TABLE whose .ibd and .frm files MySQL automatically removed, but the table still exists in the InnoDB internal data dictionary.
InnoDB: Please refer to
InnoDB: http://dev.mysql.com/doc/refman/5.6/en/innodb-troubleshooting-datadict.html
InnoDB: for how to resolve the issue.
2023-04-14 21:15:06 1040 [ERROR] InnoDB: Table cliente1/alunos in the InnoDB data dictionary has tablespace id 14, but tablespace with that id or name does not exist. Have you deleted or moved .ibd files? This may also be a table created with CREATE TEMPORARY TABLE whose .ibd and .frm files MySQL automatically removed, but the table still exists in the InnoDB internal data dictionary.
InnoDB: Please refer to
InnoDB: http://dev.mysql.com/doc/refman/5.6/en/innodb-troubleshooting-datadict.html
InnoDB: for how to resolve the issue.
2023-04-14 21:15:06 1040 [ERROR] InnoDB: Table escola/alunos in the InnoDB data dictionary has tablespace id 15, but tablespace with that id or name does not exist. Have you deleted or moved .ibd files? This may also be a table created with CREATE TEMPORARY TABLE whose .ibd and .frm files MySQL automatically removed, but the table still exists in the InnoDB internal data dictionary.
InnoDB: Please refer to
InnoDB: http://dev.mysql.com/doc/refman/5.6/en/innodb-troubleshooting-datadict.html
InnoDB: for how to resolve the issue.
2023-04-14 21:15:06 1040 [ERROR] InnoDB: Table escola/funcionarios in the InnoDB data dictionary has tablespace id 16, but tablespace with that id or name does not exist. Have you deleted or moved .ibd files? This may also be a table created with CREATE TEMPORARY TABLE whose .ibd and .frm files MySQL automatically removed, but the table still exists in the InnoDB internal data dictionary.
InnoDB: Please refer to
InnoDB: http://dev.mysql.com/doc/refman/5.6/en/innodb-troubleshooting-datadict.html
InnoDB: for how to resolve the issue.
2023-04-14 21:15:06 1040 [Note] InnoDB: 128 rollback segment(s) are active.
2023-04-14 21:15:06 1040 [Note] InnoDB: Waiting for purge to start
2023-04-14 21:15:06 1040 [Note] InnoDB: 5.6.13 started; log sequence number 1851115
2023-04-14 21:15:06 1040 [Note] Server hostname (bind-address): '*'; port: 3307
2023-04-14 21:15:06 1040 [Note] IPv6 is available.
2023-04-14 21:15:06 1040 [Note]   - '::' resolves to '::';
2023-04-14 21:15:06 1040 [Note] Server socket created on IP: '::'.
2023-04-14 21:15:06 1040 [ERROR] Can't start server: Bind on TCP/IP port: No such file or directory
2023-04-14 21:15:06 1040 [ERROR] Do you already have another mysqld server running on port: 3307 ?
2023-04-14 21:15:06 1040 [ERROR] Aborting

2023-04-14 21:15:06 1040 [Note] Binlog end
2023-04-14 21:15:06 1040 [Note] Shutting down plugin 'partition'
2023-04-14 21:15:06 1040 [Note] Shutting down plugin 'PERFORMANCE_SCHEMA'
2023-04-14 21:15:06 1040 [Note] Shutting down plugin 'INNODB_SYS_DATAFILES'
2023-04-14 21:15:06 1040 [Note] Shutting down plugin 'INNODB_SYS_TABLESPACES'
2023-04-14 21:15:06 1040 [Note] Shutting down plugin 'INNODB_SYS_FOREIGN_COLS'
2023-04-14 21:15:06 1040 [Note] Shutting down plugin 'INNODB_SYS_FOREIGN'
2023-04-14 21:15:06 1040 [Note] Shutting down plugin 'INNODB_SYS_FIELDS'
2023-04-14 21:15:06 1040 [Note] Shutting down plugin 'INNODB_SYS_COLUMNS'
2023-04-14 21:15:06 1040 [Note] Shutting down plugin 'INNODB_SYS_INDEXES'
2023-04-14 21:15:06 1040 [Note] Shutting down plugin 'INNODB_SYS_TABLESTATS'
2023-04-14 21:15:06 1040 [Note] Shutting down plugin 'INNODB_SYS_TABLES'
2023-04-14 21:15:06 1040 [Note] Shutting down plugin 'INNODB_FT_INDEX_TABLE'
2023-04-14 21:15:06 1040 [Note] Shutting down plugin 'INNODB_FT_INDEX_CACHE'
2023-04-14 21:15:06 1040 [Note] Shutting down plugin 'INNODB_FT_CONFIG'
2023-04-14 21:15:06 1040 [Note] Shutting down plugin 'INNODB_FT_BEING_DELETED'
2023-04-14 21:15:06 1040 [Note] Shutting down plugin 'INNODB_FT_DELETED'
2023-04-14 21:15:06 1040 [Note] Shutting down plugin 'INNODB_FT_DEFAULT_STOPWORD'
2023-04-14 21:15:06 1040 [Note] Shutting down plugin 'INNODB_METRICS'
2023-04-14 21:15:06 1040 [Note] Shutting down plugin 'INNODB_BUFFER_POOL_STATS'
2023-04-14 21:15:06 1040 [Note] Shutting down plugin 'INNODB_BUFFER_PAGE_LRU'
2023-04-14 21:15:06 1040 [Note] Shutting down plugin 'INNODB_BUFFER_PAGE'
2023-04-14 21:15:06 1040 [Note] Shutting down plugin 'INNODB_CMP_PER_INDEX_RESET'
2023-04-14 21:15:06 1040 [Note] Shutting down plugin 'INNODB_CMP_PER_INDEX'
2023-04-14 21:15:06 1040 [Note] Shutting down plugin 'INNODB_CMPMEM_RESET'
2023-04-14 21:15:06 1040 [Note] Shutting down plugin 'INNODB_CMPMEM'
2023-04-14 21:15:06 1040 [Note] Shutting down plugin 'INNODB_CMP_RESET'
2023-04-14 21:15:06 1040 [Note] Shutting down plugin 'INNODB_CMP'
2023-04-14 21:15:06 1040 [Note] Shutting down plugin 'INNODB_LOCK_WAITS'
2023-04-14 21:15:06 1040 [Note] Shutting down plugin 'INNODB_LOCKS'
2023-04-14 21:15:06 1040 [Note] Shutting down plugin 'INNODB_TRX'
2023-04-14 21:15:06 1040 [Note] Shutting down plugin 'InnoDB'
2023-04-14 21:15:06 1040 [Note] InnoDB: FTS optimize thread exiting.
2023-04-14 21:15:06 1040 [Note] InnoDB: Starting shutdown...
2023-04-14 21:15:08 1040 [Note] InnoDB: Shutdown completed; log sequence number 1851125
2023-04-14 21:15:08 1040 [Note] Shutting down plugin 'BLACKHOLE'
2023-04-14 21:15:08 1040 [Note] Shutting down plugin 'ARCHIVE'
2023-04-14 21:15:08 1040 [Note] Shutting down plugin 'MRG_MYISAM'
2023-04-14 21:15:08 1040 [Note] Shutting down plugin 'MyISAM'
2023-04-14 21:15:08 1040 [Note] Shutting down plugin 'MEMORY'
2023-04-14 21:15:08 1040 [Note] Shutting down plugin 'CSV'
2023-04-14 21:15:08 1040 [Note] Shutting down plugin 'sha256_password'
2023-04-14 21:15:08 1040 [Note] Shutting down plugin 'mysql_old_password'
2023-04-14 21:15:08 1040 [Note] Shutting down plugin 'mysql_native_password'
2023-04-14 21:15:08 1040 [Note] Shutting down plugin 'binlog'
2023-04-14 21:15:08 1040 [Note] C:\Users\labs\Desktop\Adriely_Heitor_Tatuagem (1)\Adriely_Heitor_Crud\Adriely_Heitor_Crud\func_atual\usbwebserver/mysql/bin/mysqld_usbwv8.exe: Shutdown complete

2023-04-14 21:17:09 3308 [Note] Plugin 'FEDERATED' is disabled.
2023-04-14 21:17:09 3308 [Note] InnoDB: The InnoDB memory heap is disabled
2023-04-14 21:17:09 3308 [Note] InnoDB: Mutexes and rw_locks use Windows interlocked functions
2023-04-14 21:17:09 3308 [Note] InnoDB: Compressed tables use zlib 1.2.3
2023-04-14 21:17:09 3308 [Note] InnoDB: Not using CPU crc32 instructions
2023-04-14 21:17:09 3308 [Note] InnoDB: Initializing buffer pool, size = 128.0M
2023-04-14 21:17:09 3308 [Note] InnoDB: Completed initialization of buffer pool
2023-04-14 21:17:09 3308 [Note] InnoDB: Highest supported file format is Barracuda.
2023-04-14 21:17:09 2a4c  InnoDB: Operating system error number 3 in a file operation.
InnoDB: The error means the system cannot find the path specified.
InnoDB: If you are installing InnoDB, remember that you must create
InnoDB: directories yourself, InnoDB does not create them.
2023-04-14 21:17:09 3308 [ERROR] InnoDB: Could not find a valid tablespace file for 'aula1/alunos'. See http://dev.mysql.com/doc/refman/5.6/en/innodb-troubleshooting-datadict.html for how to resolve the issue.
2023-04-14 21:17:09 3308 [ERROR] InnoDB: Tablespace open failed for '"aula1"."alunos"', ignored.
2023-04-14 21:17:09 2a4c  InnoDB: Operating system error number 3 in a file operation.
InnoDB: The error means the system cannot find the path specified.
InnoDB: If you are installing InnoDB, remember that you must create
InnoDB: directories yourself, InnoDB does not create them.
2023-04-14 21:17:09 3308 [ERROR] InnoDB: Could not find a valid tablespace file for 'cliente/fornecedor'. See http://dev.mysql.com/doc/refman/5.6/en/innodb-troubleshooting-datadict.html for how to resolve the issue.
2023-04-14 21:17:09 3308 [ERROR] InnoDB: Tablespace open failed for '"cliente"."fornecedor"', ignored.
2023-04-14 21:17:09 2a4c  InnoDB: Operating system error number 3 in a file operation.
InnoDB: The error means the system cannot find the path specified.
InnoDB: If you are installing InnoDB, remember that you must create
InnoDB: directories yourself, InnoDB does not create them.
2023-04-14 21:17:09 3308 [ERROR] InnoDB: Could not find a valid tablespace file for 'cliente/funcionario'. See http://dev.mysql.com/doc/refman/5.6/en/innodb-troubleshooting-datadict.html for how to resolve the issue.
2023-04-14 21:17:09 3308 [ERROR] InnoDB: Tablespace open failed for '"cliente"."funcionario"', ignored.
2023-04-14 21:17:09 2a4c  InnoDB: Operating system error number 3 in a file operation.
InnoDB: The error means the system cannot find the path specified.
InnoDB: If you are installing InnoDB, remember that you must create
InnoDB: directories yourself, InnoDB does not create them.
2023-04-14 21:17:09 3308 [ERROR] InnoDB: Could not find a valid tablespace file for 'cliente/produto'. See http://dev.mysql.com/doc/refman/5.6/en/innodb-troubleshooting-datadict.html for how to resolve the issue.
2023-04-14 21:17:09 3308 [ERROR] InnoDB: Tablespace open failed for '"cliente"."produto"', ignored.
2023-04-14 21:17:09 2a4c  InnoDB: Operating system error number 3 in a file operation.
InnoDB: The error means the system cannot find the path specified.
InnoDB: If you are installing InnoDB, remember that you must create
InnoDB: directories yourself, InnoDB does not create them.
2023-04-14 21:17:09 3308 [ERROR] InnoDB: Could not find a valid tablespace file for 'cliente/vendas'. See http://dev.mysql.com/doc/refman/5.6/en/innodb-troubleshooting-datadict.html for how to resolve the issue.
2023-04-14 21:17:09 3308 [ERROR] InnoDB: Tablespace open failed for '"cliente"."vendas"', ignored.
2023-04-14 21:17:09 2a4c  InnoDB: Operating system error number 3 in a file operation.
InnoDB: The error means the system cannot find the path specified.
InnoDB: If you are installing InnoDB, remember that you must create
InnoDB: directories yourself, InnoDB does not create them.
2023-04-14 21:17:09 3308 [ERROR] InnoDB: Could not find a valid tablespace file for 'cliente1/alunos'. See http://dev.mysql.com/doc/refman/5.6/en/innodb-troubleshooting-datadict.html for how to resolve the issue.
2023-04-14 21:17:09 3308 [ERROR] InnoDB: Tablespace open failed for '"cliente1"."alunos"', ignored.
2023-04-14 21:17:09 2a4c  InnoDB: Operating system error number 3 in a file operation.
InnoDB: The error means the system cannot find the path specified.
InnoDB: If you are installing InnoDB, remember that you must create
InnoDB: directories yourself, InnoDB does not create them.
2023-04-14 21:17:09 3308 [ERROR] InnoDB: Could not find a valid tablespace file for 'escola/alunos'. See http://dev.mysql.com/doc/refman/5.6/en/innodb-troubleshooting-datadict.html for how to resolve the issue.
2023-04-14 21:17:09 3308 [ERROR] InnoDB: Tablespace open failed for '"escola"."alunos"', ignored.
2023-04-14 21:17:09 2a4c  InnoDB: Operating system error number 3 in a file operation.
InnoDB: The error means the system cannot find the path specified.
InnoDB: If you are installing InnoDB, remember that you must create
InnoDB: directories yourself, InnoDB does not create them.
2023-04-14 21:17:09 3308 [ERROR] InnoDB: Could not find a valid tablespace file for 'escola/funcionarios'. See http://dev.mysql.com/doc/refman/5.6/en/innodb-troubleshooting-datadict.html for how to resolve the issue.
2023-04-14 21:17:09 3308 [ERROR] InnoDB: Tablespace open failed for '"escola"."funcionarios"', ignored.
2023-04-14 21:17:09 3308 [Note] InnoDB: 128 rollback segment(s) are active.
2023-04-14 21:17:09 3308 [Note] InnoDB: Waiting for purge to start
2023-04-14 21:17:09 3308 [Note] InnoDB: 5.6.13 started; log sequence number 1851125
2023-04-14 21:17:09 3308 [Note] Server hostname (bind-address): '*'; port: 3307
2023-04-14 21:17:09 3308 [Note] IPv6 is available.
2023-04-14 21:17:09 3308 [Note]   - '::' resolves to '::';
2023-04-14 21:17:09 3308 [Note] Server socket created on IP: '::'.
2023-04-14 21:33:40 13000 [Note] Plugin 'FEDERATED' is disabled.
2023-04-14 21:33:40 13000 [Note] InnoDB: The InnoDB memory heap is disabled
2023-04-14 21:33:40 13000 [Note] InnoDB: Mutexes and rw_locks use Windows interlocked functions
2023-04-14 21:33:40 13000 [Note] InnoDB: Compressed tables use zlib 1.2.3
2023-04-14 21:33:40 13000 [Note] InnoDB: Not using CPU crc32 instructions
2023-04-14 21:33:40 13000 [Note] InnoDB: Initializing buffer pool, size = 128.0M
2023-04-14 21:33:40 13000 [Note] InnoDB: Completed initialization of buffer pool
2023-04-14 21:33:40 13000 [Note] InnoDB: Highest supported file format is Barracuda.
2023-04-14 21:33:40 13000 [Note] InnoDB: The log sequence numbers 1851125 and 1851125 in ibdata files do not match the log sequence number 1851135 in the ib_logfiles!
2023-04-14 21:33:40 13000 [Note] InnoDB: Database was not shutdown normally!
2023-04-14 21:33:40 13000 [Note] InnoDB: Starting crash recovery.
2023-04-14 21:33:40 13000 [Note] InnoDB: Reading tablespace information from the .ibd files...
2023-04-14 21:33:40 13000 [Note] InnoDB: Restoring possible half-written data pages 
2023-04-14 21:33:40 13000 [Note] InnoDB: from the doublewrite buffer...
2023-04-14 21:33:40 13000 [ERROR] InnoDB: Table aula1/alunos in the InnoDB data dictionary has tablespace id 10, but tablespace with that id or name does not exist. Have you deleted or moved .ibd files? This may also be a table created with CREATE TEMPORARY TABLE whose .ibd and .frm files MySQL automatically removed, but the table still exists in the InnoDB internal data dictionary.
InnoDB: Please refer to
InnoDB: http://dev.mysql.com/doc/refman/5.6/en/innodb-troubleshooting-datadict.html
InnoDB: for how to resolve the issue.
2023-04-14 21:33:40 13000 [ERROR] InnoDB: Table cliente/fornecedor in the InnoDB data dictionary has tablespace id 8, but tablespace with that id or name does not exist. Have you deleted or moved .ibd files? This may also be a table created with CREATE TEMPORARY TABLE whose .ibd and .frm files MySQL automatically removed, but the table still exists in the InnoDB internal data dictionary.
InnoDB: Please refer to
InnoDB: http://dev.mysql.com/doc/refman/5.6/en/innodb-troubleshooting-datadict.html
InnoDB: for how to resolve the issue.
2023-04-14 21:33:40 13000 [ERROR] InnoDB: Table cliente/funcionario in the InnoDB data dictionary has tablespace id 13, but tablespace with that id or name does not exist. Have you deleted or moved .ibd files? This may also be a table created with CREATE TEMPORARY TABLE whose .ibd and .frm files MySQL automatically removed, but the table still exists in the InnoDB internal data dictionary.
InnoDB: Please refer to
InnoDB: http://dev.mysql.com/doc/refman/5.6/en/innodb-troubleshooting-datadict.html
InnoDB: for how to resolve the issue.
2023-04-14 21:33:40 13000 [ERROR] InnoDB: Table cliente/produto in the InnoDB data dictionary has tablespace id 12, but tablespace with that id or name does not exist. Have you deleted or moved .ibd files? This may also be a table created with CREATE TEMPORARY TABLE whose .ibd and .frm files MySQL automatically removed, but the table still exists in the InnoDB internal data dictionary.
InnoDB: Please refer to
InnoDB: http://dev.mysql.com/doc/refman/5.6/en/innodb-troubleshooting-datadict.html
InnoDB: for how to resolve the issue.
2023-04-14 21:33:40 13000 [ERROR] InnoDB: Table cliente/vendas in the InnoDB data dictionary has tablespace id 11, but tablespace with that id or name does not exist. Have you deleted or moved .ibd files? This may also be a table created with CREATE TEMPORARY TABLE whose .ibd and .frm files MySQL automatically removed, but the table still exists in the InnoDB internal data dictionary.
InnoDB: Please refer to
InnoDB: http://dev.mysql.com/doc/refman/5.6/en/innodb-troubleshooting-datadict.html
InnoDB: for how to resolve the issue.
2023-04-14 21:33:40 13000 [ERROR] InnoDB: Table cliente1/alunos in the InnoDB data dictionary has tablespace id 14, but tablespace with that id or name does not exist. Have you deleted or moved .ibd files? This may also be a table created with CREATE TEMPORARY TABLE whose .ibd and .frm files MySQL automatically removed, but the table still exists in the InnoDB internal data dictionary.
InnoDB: Please refer to
InnoDB: http://dev.mysql.com/doc/refman/5.6/en/innodb-troubleshooting-datadict.html
InnoDB: for how to resolve the issue.
2023-04-14 21:33:40 13000 [ERROR] InnoDB: Table escola/alunos in the InnoDB data dictionary has tablespace id 15, but tablespace with that id or name does not exist. Have you deleted or moved .ibd files? This may also be a table created with CREATE TEMPORARY TABLE whose .ibd and .frm files MySQL automatically removed, but the table still exists in the InnoDB internal data dictionary.
InnoDB: Please refer to
InnoDB: http://dev.mysql.com/doc/refman/5.6/en/innodb-troubleshooting-datadict.html
InnoDB: for how to resolve the issue.
2023-04-14 21:33:40 13000 [ERROR] InnoDB: Table escola/funcionarios in the InnoDB data dictionary has tablespace id 16, but tablespace with that id or name does not exist. Have you deleted or moved .ibd files? This may also be a table created with CREATE TEMPORARY TABLE whose .ibd and .frm files MySQL automatically removed, but the table still exists in the InnoDB internal data dictionary.
InnoDB: Please refer to
InnoDB: http://dev.mysql.com/doc/refman/5.6/en/innodb-troubleshooting-datadict.html
InnoDB: for how to resolve the issue.
2023-04-14 21:33:40 13000 [Note] InnoDB: 128 rollback segment(s) are active.
2023-04-14 21:33:40 13000 [Note] InnoDB: Waiting for purge to start
2023-04-14 21:33:40 13000 [Note] InnoDB: 5.6.13 started; log sequence number 1851135
2023-04-14 21:33:40 13000 [Note] Server hostname (bind-address): '*'; port: 3307
2023-04-14 21:33:40 13000 [Note] IPv6 is available.
2023-04-14 21:33:40 13000 [Note]   - '::' resolves to '::';
2023-04-14 21:33:40 13000 [Note] Server socket created on IP: '::'.
